<?xml version="1.0" encoding="UTF-8"?>
<!-- Generated by org.testng.reporters.JUnitReportReporter -->
<testsuite hostname="vipans-MBP" failures="0" tests="5" name="luma.testcases.SalePageTest" time="39.113" errors="0" timestamp="2023-05-25T23:30:32 EDT" skipped="0">
  <testcase classname="luma.testcases.SalePageTest" name="verifySalePageTitleTest" time="7.679"/>
  <testcase classname="luma.testcases.SalePageTest" name="verifySaleLabelTest" time="7.905"/>
  <testcase classname="luma.testcases.SalePageTest" name="shopWomensShortsTest" time="7.537"/>
  <testcase classname="luma.testcases.SalePageTest" name="shopMensJacketsTest" time="7.467"/>
  <testcase classname="luma.testcases.SalePageTest" name="shopBagsTest" time="8.525"/>
</testsuite> <!-- luma.testcases.SalePageTest -->
