<?xml version="1.0" encoding="UTF-8"?>
<!-- Generated by org.testng.reporters.JUnitReportReporter -->
<testsuite hostname="vipans-MBP" failures="0" tests="6" name="luma.testcases.HomePageTest" time="43.855" errors="0" timestamp="2023-05-25T23:30:32 EDT" skipped="0">
  <testcase classname="luma.testcases.HomePageTest" name="verifyHomePageTitleTest" time="6.239"/>
  <testcase classname="luma.testcases.HomePageTest" name="verifyUserNameTest" time="7.580"/>
  <testcase classname="luma.testcases.HomePageTest" name="verifyWomenLinkTest" time="7.352"/>
  <testcase classname="luma.testcases.HomePageTest" name="verifyMenLinkTest" time="7.576"/>
  <testcase classname="luma.testcases.HomePageTest" name="verifyGearLinkTest" time="7.641"/>
  <testcase classname="luma.testcases.HomePageTest" name="verifySaleLinkTest" time="7.467"/>
</testsuite> <!-- luma.testcases.HomePageTest -->
