<?xml version="1.0" encoding="UTF-8"?>
<!-- Generated by org.testng.reporters.JUnitReportReporter -->
<testsuite hostname="vipans-MBP" failures="0" tests="3" name="luma.testcases.LoginPageTest" time="21.187" errors="0" timestamp="2023-05-25T23:30:32 EDT" skipped="0">
  <testcase classname="luma.testcases.LoginPageTest" name="loginPageTitleTest" time="5.278"/>
  <testcase classname="luma.testcases.LoginPageTest" name="loginTest" time="6.910"/>
  <testcase classname="luma.testcases.LoginPageTest" name="successfullyLoggedInTest" time="8.999"/>
</testsuite> <!-- luma.testcases.LoginPageTest -->
