<?xml version="1.0" encoding="UTF-8"?>
<!-- Generated by org.testng.reporters.JUnitReportReporter -->
<testsuite hostname="vipans-MBP" failures="0" tests="5" name="luma.testcases.MenPageTest" time="41.436" errors="0" timestamp="2023-05-25T23:30:32 EDT" skipped="0">
  <testcase classname="luma.testcases.MenPageTest" name="verifyMenPageTitleTest" time="7.249"/>
  <testcase classname="luma.testcases.MenPageTest" name="verifyMenLabelTest" time="7.264"/>
  <testcase classname="luma.testcases.MenPageTest" name="shopHoodiesAndSweatshirtsTest" time="8.485"/>
  <testcase classname="luma.testcases.MenPageTest" name="shopJacketsTest" time="8.678"/>
  <testcase classname="luma.testcases.MenPageTest" name="shopPantsTest" time="9.760"/>
</testsuite> <!-- luma.testcases.MenPageTest -->
