<?xml version="1.0" encoding="UTF-8"?>
<!-- Generated by org.testng.reporters.JUnitReportReporter -->
<testsuite hostname="vipans-MBP" failures="0" tests="4" name="luma.testcases.WomenPageTest" time="31.734" errors="0" timestamp="2023-05-25T23:30:32 EDT" skipped="0">
  <testcase classname="luma.testcases.WomenPageTest" name="verifyWomenPageTitleTest" time="7.568"/>
  <testcase classname="luma.testcases.WomenPageTest" name="verifyWomenLabelTest" time="7.370"/>
  <testcase classname="luma.testcases.WomenPageTest" name="shopTopsTest" time="8.271"/>
  <testcase classname="luma.testcases.WomenPageTest" name="shopBottomsTest" time="8.525"/>
</testsuite> <!-- luma.testcases.WomenPageTest -->
