<?xml version="1.0" encoding="UTF-8"?>
<!-- Generated by org.testng.reporters.JUnitReportReporter -->
<testsuite hostname="vipans-MBP" failures="0" tests="5" name="luma.testcases.GearPageTest" time="41.645" errors="0" timestamp="2023-05-25T23:30:32 EDT" skipped="0">
  <testcase classname="luma.testcases.GearPageTest" name="verifyGearPageTitleTest" time="7.750"/>
  <testcase classname="luma.testcases.GearPageTest" name="verifyGearLabelTest" time="7.566"/>
  <testcase classname="luma.testcases.GearPageTest" name="shopBags" time="8.475"/>
  <testcase classname="luma.testcases.GearPageTest" name="shopFitnessEquipmentTest" time="8.410"/>
  <testcase classname="luma.testcases.GearPageTest" name="shopWatches" time="9.444"/>
</testsuite> <!-- luma.testcases.GearPageTest -->
