<?xml version="1.0" encoding="UTF-8"?>
<!-- Generated by org.testng.reporters.JUnitReportReporter -->
<testsuite hostname="vipans-MBP" failures="0" tests="1" name="luma.testcases.SignOutPageTest" time="20.186" errors="0" timestamp="2023-05-25T23:33:19 EDT" skipped="0">
  <testcase classname="luma.testcases.SignOutPageTest" name="verifyHomePageTitleTest" time="20.186"/>
</testsuite> <!-- luma.testcases.SignOutPageTest -->
