<?xml version="1.0" encoding="UTF-8"?>
<!-- Generated by org.testng.reporters.JUnitReportReporter -->
<testsuite hostname="vipans-MBP" failures="0" tests="2" name="suzyshier.testcases.LoginPageTest" time="19.848" errors="0" timestamp="2023-05-22T20:18:24 EDT" skipped="0">
  <testcase classname="suzyshier.testcases.LoginPageTest" name="loginPageTitleTest" time="8.853"/>
  <testcase classname="suzyshier.testcases.LoginPageTest" name="loginTest" time="10.995"/>
</testsuite> <!-- suzyshier.testcases.LoginPageTest -->
